<?xml version="1.0" encoding="UTF-8"?>
<!-- Generated by org.testng.reporters.JUnitReportReporter -->
<testsuite hostname="Abhishek" failures="0" tests="1" name="login.Demo" time="7.854" errors="0" timestamp="2024-05-30T10:08:01 IST" skipped="0">
  <testcase classname="login.Demo" name="test" time="7.854"/>
  <system-out/>
</testsuite> <!-- login.Demo -->
